This is XeTeX, Version 3.141592653-2.6-0.999994 (TeX Live 2022) (preloaded format=xelatex 2022.7.6)  7 APR 2023 10:35
entering extended mode
 restricted \write18 enabled.
 %&-line parsing enabled.
**Data-Analytics-for-Audit-using-R.tex
(./Data-Analytics-for-Audit-using-R.tex
LaTeX2e <2022-06-01> patch level 4
L3 programming layer <2022-07-04> (c:/Users/Dell/AppData/Roaming/TinyTeX/texmf-dist/tex/latex/base/book.cls
Document Class: book 2021/10/04 v1.4n Standard LaTeX document class
(c:/Users/Dell/AppData/Roaming/TinyTeX/texmf-dist/tex/latex/base/bk10.clo
File: bk10.clo 2021/10/04 v1.4n Standard LaTeX file (size option)
)
\c@part=\count181
\c@chapter=\count182
\c@section=\count183
\c@subsection=\count184
\c@subsubsection=\count185
\c@paragraph=\count186
\c@subparagraph=\count187
\c@figure=\count188
\c@table=\count189
\abovecaptionskip=\skip47
\belowcaptionskip=\skip48
\bibindent=\dimen138
) (c:/Users/Dell/AppData/Roaming/TinyTeX/texmf-dist/tex/latex/amsmath/amsmath.sty
Package: amsmath 2022/04/08 v2.17n AMS math features
\@mathmargin=\skip49
For additional information on amsmath, use the `?' option.
(c:/Users/Dell/AppData/Roaming/TinyTeX/texmf-dist/tex/latex/amsmath/amstext.sty
Package: amstext 2021/08/26 v2.01 AMS text
(c:/Users/Dell/AppData/Roaming/TinyTeX/texmf-dist/tex/latex/amsmath/amsgen.sty
File: amsgen.sty 1999/11/30 v2.0 generic functions
\@emptytoks=\toks16
\ex@=\dimen139
)) (c:/Users/Dell/AppData/Roaming/TinyTeX/texmf-dist/tex/latex/amsmath/amsbsy.sty
Package: amsbsy 1999/11/29 v1.2d Bold Symbols
\pmbraise@=\dimen140
) (c:/Users/Dell/AppData/Roaming/TinyTeX/texmf-dist/tex/latex/amsmath/amsopn.sty
Package: amsopn 2022/04/08 v2.04 operator names
)
\inf@bad=\count190
LaTeX Info: Redefining \frac on input line 234.
\uproot@=\count191
\leftroot@=\count192
LaTeX Info: Redefining \overline on input line 399.
LaTeX Info: Redefining \colon on input line 410.
\classnum@=\count193
\DOTSCASE@=\count194
LaTeX Info: Redefining \ldots on input line 496.
LaTeX Info: Redefining \dots on input line 499.
LaTeX Info: Redefining \cdots on input line 620.
\Mathstrutbox@=\box51
\strutbox@=\box52
LaTeX Info: Redefining \big on input line 722.
LaTeX Info: Redefining \Big on input line 723.
LaTeX Info: Redefining \bigg on input line 724.
LaTeX Info: Redefining \Bigg on input line 725.
\big@size=\dimen141
LaTeX Font Info:    Redeclaring font encoding OML on input line 743.
LaTeX Font Info:    Redeclaring font encoding OMS on input line 744.
\macc@depth=\count195
LaTeX Info: Redefining \bmod on input line 905.
LaTeX Info: Redefining \pmod on input line 910.
LaTeX Info: Redefining \smash on input line 940.
LaTeX Info: Redefining \relbar on input line 970.
LaTeX Info: Redefining \Relbar on input line 971.
\c@MaxMatrixCols=\count196
\dotsspace@=\muskip16
\c@parentequation=\count197
\dspbrk@lvl=\count198
\tag@help=\toks17
\row@=\count199
\column@=\count266
\maxfields@=\count267
\andhelp@=\toks18
\eqnshift@=\dimen142
\alignsep@=\dimen143
\tagshift@=\dimen144
\tagwidth@=\dimen145
\totwidth@=\dimen146
\lineht@=\dimen147
\@envbody=\toks19
\multlinegap=\skip50
\multlinetaggap=\skip51
\mathdisplay@stack=\toks20
LaTeX Info: Redefining \[ on input line 2953.
LaTeX Info: Redefining \] on input line 2954.
) (c:/Users/Dell/AppData/Roaming/TinyTeX/texmf-dist/tex/latex/amsfonts/amssymb.sty
Package: amssymb 2013/01/14 v3.01 AMS font symbols
(c:/Users/Dell/AppData/Roaming/TinyTeX/texmf-dist/tex/latex/amsfonts/amsfonts.sty
Package: amsfonts 2013/01/14 v3.01 Basic AMSFonts support
\symAMSa=\mathgroup4
\symAMSb=\mathgroup5
LaTeX Font Info:    Redeclaring math symbol \hbar on input line 98.
LaTeX Font Info:    Overwriting math alphabet `\mathfrak' in version `bold'
(Font)                  U/euf/m/n --> U/euf/b/n on input line 106.
)) (c:/Users/Dell/AppData/Roaming/TinyTeX/texmf-dist/tex/latex/lm/lmodern.sty
Package: lmodern 2015/05/01 v1.6.1 Latin Modern Fonts
LaTeX Font Info:    Overwriting symbol font `operators' in version `normal'
(Font)                  OT1/cmr/m/n --> OT1/lmr/m/n on input line 22.
LaTeX Font Info:    Overwriting symbol font `letters' in version `normal'
(Font)                  OML/cmm/m/it --> OML/lmm/m/it on input line 23.
LaTeX Font Info:    Overwriting symbol font `symbols' in version `normal'
(Font)                  OMS/cmsy/m/n --> OMS/lmsy/m/n on input line 24.
LaTeX Font Info:    Overwriting symbol font `largesymbols' in version `normal'
(Font)                  OMX/cmex/m/n --> OMX/lmex/m/n on input line 25.
LaTeX Font Info:    Overwriting symbol font `operators' in version `bold'
(Font)                  OT1/cmr/bx/n --> OT1/lmr/bx/n on input line 26.
LaTeX Font Info:    Overwriting symbol font `letters' in version `bold'
(Font)                  OML/cmm/b/it --> OML/lmm/b/it on input line 27.
LaTeX Font Info:    Overwriting symbol font `symbols' in version `bold'
(Font)                  OMS/cmsy/b/n --> OMS/lmsy/b/n on input line 28.
LaTeX Font Info:    Overwriting symbol font `largesymbols' in version `bold'
(Font)                  OMX/cmex/m/n --> OMX/lmex/m/n on input line 29.
LaTeX Font Info:    Overwriting math alphabet `\mathbf' in version `normal'
(Font)                  OT1/cmr/bx/n --> OT1/lmr/bx/n on input line 31.
LaTeX Font Info:    Overwriting math alphabet `\mathsf' in version `normal'
(Font)                  OT1/cmss/m/n --> OT1/lmss/m/n on input line 32.
LaTeX Font Info:    Overwriting math alphabet `\mathit' in version `normal'
(Font)                  OT1/cmr/m/it --> OT1/lmr/m/it on input line 33.
LaTeX Font Info:    Overwriting math alphabet `\mathtt' in version `normal'
(Font)                  OT1/cmtt/m/n --> OT1/lmtt/m/n on input line 34.
LaTeX Font Info:    Overwriting math alphabet `\mathbf' in version `bold'
(Font)                  OT1/cmr/bx/n --> OT1/lmr/bx/n on input line 35.
LaTeX Font Info:    Overwriting math alphabet `\mathsf' in version `bold'
(Font)                  OT1/cmss/bx/n --> OT1/lmss/bx/n on input line 36.
LaTeX Font Info:    Overwriting math alphabet `\mathit' in version `bold'
(Font)                  OT1/cmr/bx/it --> OT1/lmr/bx/it on input line 37.
LaTeX Font Info:    Overwriting math alphabet `\mathtt' in version `bold'
(Font)                  OT1/cmtt/m/n --> OT1/lmtt/m/n on input line 38.
) (c:/Users/Dell/AppData/Roaming/TinyTeX/texmf-dist/tex/generic/iftex/iftex.sty
Package: iftex 2022/02/03 v1.0f TeX engine tests
) (c:/Users/Dell/AppData/Roaming/TinyTeX/texmf-dist/tex/latex/unicode-math/unicode-math.sty (c:/Users/Dell/AppData/Roaming/TinyTeX/texmf-dist/tex/latex/l3kernel/expl3.sty
Package: expl3 2022-07-04 L3 programming layer (loader) 
(c:/Users/Dell/AppData/Roaming/TinyTeX/texmf-dist/tex/latex/l3backend/l3backend-xetex.def
File: l3backend-xetex.def 2022-07-01 L3 backend support: XeTeX
\g__graphics_track_int=\count268
\l__pdf_internal_box=\box53
\g__pdf_backend_object_int=\count269
\g__pdf_backend_annotation_int=\count270
\g__pdf_backend_link_int=\count271
))
Package: unicode-math 2020/01/31 v0.8q Unicode maths in XeLaTeX and LuaLaTeX
(c:/Users/Dell/AppData/Roaming/TinyTeX/texmf-dist/tex/latex/unicode-math/unicode-math-xetex.sty
Package: unicode-math-xetex 2020/01/31 v0.8q Unicode maths in XeLaTeX and LuaLaTeX
(c:/Users/Dell/AppData/Roaming/TinyTeX/texmf-dist/tex/latex/l3packages/xparse/xparse.sty
Package: xparse 2022-06-22 L3 Experimental document command parser
) (c:/Users/Dell/AppData/Roaming/TinyTeX/texmf-dist/tex/latex/l3packages/l3keys2e/l3keys2e.sty
Package: l3keys2e 2022-06-22 LaTeX2e option processing using LaTeX3 keys
) (c:/Users/Dell/AppData/Roaming/TinyTeX/texmf-dist/tex/latex/fontspec/fontspec.sty
Package: fontspec 2022/01/15 v2.8a Font selection for XeLaTeX and LuaLaTeX
(c:/Users/Dell/AppData/Roaming/TinyTeX/texmf-dist/tex/latex/fontspec/fontspec-xetex.sty
Package: fontspec-xetex 2022/01/15 v2.8a Font selection for XeLaTeX and LuaLaTeX
\l__fontspec_script_int=\count272
\l__fontspec_language_int=\count273
\l__fontspec_strnum_int=\count274
\l__fontspec_tmp_int=\count275
\l__fontspec_tmpa_int=\count276
\l__fontspec_tmpb_int=\count277
\l__fontspec_tmpc_int=\count278
\l__fontspec_em_int=\count279
\l__fontspec_emdef_int=\count280
\l__fontspec_strong_int=\count281
\l__fontspec_strongdef_int=\count282
\l__fontspec_tmpa_dim=\dimen148
\l__fontspec_tmpb_dim=\dimen149
\l__fontspec_tmpc_dim=\dimen150
(c:/Users/Dell/AppData/Roaming/TinyTeX/texmf-dist/tex/latex/base/fontenc.sty
Package: fontenc 2021/04/29 v2.0v Standard LaTeX package
) (c:/Users/Dell/AppData/Roaming/TinyTeX/texmf-dist/tex/latex/fontspec/fontspec.cfg))) (c:/Users/Dell/AppData/Roaming/TinyTeX/texmf-dist/tex/latex/base/fix-cm.sty
Package: fix-cm 2020/11/24 v1.1t fixes to LaTeX
(c:/Users/Dell/AppData/Roaming/TinyTeX/texmf-dist/tex/latex/base/ts1enc.def
File: ts1enc.def 2001/06/05 v3.0e (jk/car/fm) Standard LaTeX file
LaTeX Font Info:    Redeclaring font encoding TS1 on input line 47.
))
\g__um_fam_int=\count283
\g__um_fonts_used_int=\count284
\l__um_primecount_int=\count285
\g__um_primekern_muskip=\muskip17
(c:/Users/Dell/AppData/Roaming/TinyTeX/texmf-dist/tex/latex/unicode-math/unicode-math-table.tex))) (c:/Users/Dell/AppData/Roaming/TinyTeX/texmf-dist/tex/latex/xcolor/xcolor.sty
Package: xcolor 2022/06/12 v2.14 LaTeX color extensions (UK)
(c:/Users/Dell/AppData/Roaming/TinyTeX/texmf-dist/tex/latex/graphics-cfg/color.cfg
File: color.cfg 2016/01/02 v1.6 sample color configuration
)
Package xcolor Info: Driver file: xetex.def on input line 227.
(c:/Users/Dell/AppData/Roaming/TinyTeX/texmf-dist/tex/latex/graphics-def/xetex.def
File: xetex.def 2022/04/16 v5.0m Graphics/color driver for xetex
) (c:/Users/Dell/AppData/Roaming/TinyTeX/texmf-dist/tex/latex/graphics/mathcolor.ltx)
Package xcolor Info: Model `cmy' substituted by `cmy0' on input line 1353.
Package xcolor Info: Model `RGB' extended on input line 1369.
Package xcolor Info: Model `HTML' substituted by `rgb' on input line 1371.
Package xcolor Info: Model `Hsb' substituted by `hsb' on input line 1372.
Package xcolor Info: Model `tHsb' substituted by `hsb' on input line 1373.
Package xcolor Info: Model `HSB' substituted by `hsb' on input line 1374.
Package xcolor Info: Model `Gray' substituted by `gray' on input line 1375.
Package xcolor Info: Model `wave' substituted by `hsb' on input line 1376.
) (c:/Users/Dell/AppData/Roaming/TinyTeX/texmf-dist/tex/latex/fancyvrb/fancyvrb.sty
Package: fancyvrb 2022/06/06 4.5 verbatim text (tvz,hv)
(c:/Users/Dell/AppData/Roaming/TinyTeX/texmf-dist/tex/latex/graphics/keyval.sty
Package: keyval 2022/05/29 v1.15 key=value parser (DPC)
\KV@toks@=\toks21
)
\FV@CodeLineNo=\count286
\FV@InFile=\read2
\FV@TabBox=\box54
\c@FancyVerbLine=\count287
\FV@StepNumber=\count288
\FV@OutFile=\write3
) (c:/Users/Dell/AppData/Roaming/TinyTeX/texmf-dist/tex/latex/framed/framed.sty
Package: framed 2011/10/22 v 0.96: framed or shaded text with page breaks
\OuterFrameSep=\skip52
\fb@frw=\dimen151
\fb@frh=\dimen152
\FrameRule=\dimen153
\FrameSep=\dimen154
) (c:/Users/Dell/AppData/Roaming/TinyTeX/texmf-dist/tex/latex/tools/longtable.sty
Package: longtable 2021-09-01 v4.17 Multi-page Table package (DPC)
\LTleft=\skip53
\LTright=\skip54
\LTpre=\skip55
\LTpost=\skip56
\LTchunksize=\count289
\LTcapwidth=\dimen155
\LT@head=\box55
\LT@firsthead=\box56
\LT@foot=\box57
\LT@lastfoot=\box58
\LT@gbox=\box59
\LT@cols=\count290
\LT@rows=\count291
\c@LT@tables=\count292
\c@LT@chunks=\count293
\LT@p@ftn=\toks22
) (c:/Users/Dell/AppData/Roaming/TinyTeX/texmf-dist/tex/latex/booktabs/booktabs.sty
Package: booktabs 2020/01/12 v1.61803398 Publication quality tables
\heavyrulewidth=\dimen156
\lightrulewidth=\dimen157
\cmidrulewidth=\dimen158
\belowrulesep=\dimen159
\belowbottomsep=\dimen160
\aboverulesep=\dimen161
\abovetopsep=\dimen162
\cmidrulesep=\dimen163
\cmidrulekern=\dimen164
\defaultaddspace=\dimen165
\@cmidla=\count294
\@cmidlb=\count295
\@aboverulesep=\dimen166
\@belowrulesep=\dimen167
\@thisruleclass=\count296
\@lastruleclass=\count297
\@thisrulewidth=\dimen168
) (c:/Users/Dell/AppData/Roaming/TinyTeX/texmf-dist/tex/latex/tools/array.sty
Package: array 2022/03/10 v2.5f Tabular extension package (FMi)
\col@sep=\dimen169
\ar@mcellbox=\box60
\extrarowheight=\dimen170
\NC@list=\toks23
\extratabsurround=\skip57
\backup@length=\skip58
\ar@cellbox=\box61
) (c:/Users/Dell/AppData/Roaming/TinyTeX/texmf-dist/tex/latex/tools/calc.sty
Package: calc 2017/05/25 v4.3 Infix arithmetic (KKT,FJ)
\calc@Acount=\count298
\calc@Bcount=\count299
\calc@Adimen=\dimen171
\calc@Bdimen=\dimen172
\calc@Askip=\skip59
\calc@Bskip=\skip60
LaTeX Info: Redefining \setlength on input line 80.
LaTeX Info: Redefining \addtolength on input line 81.
\calc@Ccount=\count300
\calc@Cskip=\skip61
) (c:/Users/Dell/AppData/Roaming/TinyTeX/texmf-dist/tex/latex/etoolbox/etoolbox.sty
Package: etoolbox 2020/10/05 v2.5k e-TeX tools for LaTeX (JAW)
\etb@tempcnta=\count301
) (c:/Users/Dell/AppData/Roaming/TinyTeX/texmf-dist/tex/latex/mdwtools/footnote.sty
Package: footnote 1997/01/28 1.13 Save footnotes around boxes
\fn@notes=\box62
\fn@width=\dimen173
) (c:/Users/Dell/AppData/Roaming/TinyTeX/texmf-dist/tex/latex/graphics/graphicx.sty
Package: graphicx 2021/09/16 v1.2d Enhanced LaTeX Graphics (DPC,SPQR)
(c:/Users/Dell/AppData/Roaming/TinyTeX/texmf-dist/tex/latex/graphics/graphics.sty
Package: graphics 2022/03/10 v1.4e Standard LaTeX Graphics (DPC,SPQR)
(c:/Users/Dell/AppData/Roaming/TinyTeX/texmf-dist/tex/latex/graphics/trig.sty
Package: trig 2021/08/11 v1.11 sin cos tan (DPC)
) (c:/Users/Dell/AppData/Roaming/TinyTeX/texmf-dist/tex/latex/graphics-cfg/graphics.cfg
File: graphics.cfg 2016/06/04 v1.11 sample graphics configuration
)
Package graphics Info: Driver file: xetex.def on input line 107.
)
\Gin@req@height=\dimen174
\Gin@req@width=\dimen175
) (c:/Users/Dell/AppData/Roaming/TinyTeX/texmf-dist/tex/latex/amscls/amsthm.sty
Package: amsthm 2020/05/29 v2.20.6
\thm@style=\toks24
\thm@bodyfont=\toks25
\thm@headfont=\toks26
\thm@notefont=\toks27
\thm@headpunct=\toks28
\thm@preskip=\skip62
\thm@postskip=\skip63
\thm@headsep=\skip64
\dth@everypar=\toks29
) (c:/Users/Dell/AppData/Roaming/TinyTeX/texmf-dist/tex/latex/natbib/natbib.sty
Package: natbib 2010/09/13 8.31b (PWD, AO)
\bibhang=\skip65
\bibsep=\skip66
LaTeX Info: Redefining \cite on input line 694.
\c@NAT@ctr=\count302
) (c:/Users/Dell/AppData/Roaming/TinyTeX/texmf-dist/tex/latex/hyperref/hyperref.sty
Package: hyperref 2022-06-20 v7.00s Hypertext links for LaTeX
(c:/Users/Dell/AppData/Roaming/TinyTeX/texmf-dist/tex/generic/ltxcmds/ltxcmds.sty
Package: ltxcmds 2020-05-10 v1.25 LaTeX kernel commands for general use (HO)
) (c:/Users/Dell/AppData/Roaming/TinyTeX/texmf-dist/tex/generic/pdftexcmds/pdftexcmds.sty
Package: pdftexcmds 2020-06-27 v0.33 Utility functions of pdfTeX for LuaTeX (HO)
(c:/Users/Dell/AppData/Roaming/TinyTeX/texmf-dist/tex/generic/infwarerr/infwarerr.sty
Package: infwarerr 2019/12/03 v1.5 Providing info/warning/error messages (HO)
)
Package pdftexcmds Info: \pdf@primitive is available.
Package pdftexcmds Info: \pdf@ifprimitive is available.
Package pdftexcmds Info: \pdfdraftmode not found.
) (c:/Users/Dell/AppData/Roaming/TinyTeX/texmf-dist/tex/generic/kvsetkeys/kvsetkeys.sty
Package: kvsetkeys 2019/12/15 v1.18 Key value parser (HO)
) (c:/Users/Dell/AppData/Roaming/TinyTeX/texmf-dist/tex/generic/kvdefinekeys/kvdefinekeys.sty
Package: kvdefinekeys 2019-12-19 v1.6 Define keys (HO)
) (c:/Users/Dell/AppData/Roaming/TinyTeX/texmf-dist/tex/generic/pdfescape/pdfescape.sty
Package: pdfescape 2019/12/09 v1.15 Implements pdfTeX's escape features (HO)
) (c:/Users/Dell/AppData/Roaming/TinyTeX/texmf-dist/tex/latex/hycolor/hycolor.sty
Package: hycolor 2020-01-27 v1.10 Color options for hyperref/bookmark (HO)
) (c:/Users/Dell/AppData/Roaming/TinyTeX/texmf-dist/tex/latex/letltxmacro/letltxmacro.sty
Package: letltxmacro 2019/12/03 v1.6 Let assignment for LaTeX macros (HO)
) (c:/Users/Dell/AppData/Roaming/TinyTeX/texmf-dist/tex/latex/auxhook/auxhook.sty
Package: auxhook 2019-12-17 v1.6 Hooks for auxiliary files (HO)
) (c:/Users/Dell/AppData/Roaming/TinyTeX/texmf-dist/tex/latex/hyperref/nameref.sty
Package: nameref 2022-05-17 v2.50 Cross-referencing by name of section
(c:/Users/Dell/AppData/Roaming/TinyTeX/texmf-dist/tex/latex/refcount/refcount.sty
Package: refcount 2019/12/15 v3.6 Data extraction from label references (HO)
) (c:/Users/Dell/AppData/Roaming/TinyTeX/texmf-dist/tex/generic/gettitlestring/gettitlestring.sty
Package: gettitlestring 2019/12/15 v1.6 Cleanup title references (HO)
(c:/Users/Dell/AppData/Roaming/TinyTeX/texmf-dist/tex/latex/kvoptions/kvoptions.sty
Package: kvoptions 2022-06-15 v3.15 Key value format for package options (HO)
))
\c@section@level=\count303
)
\@linkdim=\dimen176
\Hy@linkcounter=\count304
\Hy@pagecounter=\count305
(c:/Users/Dell/AppData/Roaming/TinyTeX/texmf-dist/tex/latex/hyperref/pd1enc.def
File: pd1enc.def 2022-06-20 v7.00s Hyperref: PDFDocEncoding definition (HO)
) (c:/Users/Dell/AppData/Roaming/TinyTeX/texmf-dist/tex/generic/intcalc/intcalc.sty
Package: intcalc 2019/12/15 v1.3 Expandable calculations with integers (HO)
) (c:/Users/Dell/AppData/Roaming/TinyTeX/texmf-dist/tex/generic/etexcmds/etexcmds.sty
Package: etexcmds 2019/12/15 v1.7 Avoid name clashes with e-TeX commands (HO)
)
\Hy@SavedSpaceFactor=\count306
(c:/Users/Dell/AppData/Roaming/TinyTeX/texmf-dist/tex/latex/hyperref/puenc.def
File: puenc.def 2022-06-20 v7.00s Hyperref: PDF Unicode definition (HO)
)
Package hyperref Info: Option `unicode' set `true' on input line 4045.
Package hyperref Info: Hyper figures OFF on input line 4162.
Package hyperref Info: Link nesting OFF on input line 4167.
Package hyperref Info: Hyper index ON on input line 4170.
Package hyperref Info: Plain pages OFF on input line 4177.
Package hyperref Info: Backreferencing OFF on input line 4182.
Package hyperref Info: Implicit mode ON; LaTeX internals redefined.
Package hyperref Info: Bookmarks ON on input line 4408.
\c@Hy@tempcnt=\count307
(c:/Users/Dell/AppData/Roaming/TinyTeX/texmf-dist/tex/latex/url/url.sty
\Urlmuskip=\muskip18
Package: url 2013/09/16  ver 3.4  Verb mode for urls, etc.
)
LaTeX Info: Redefining \url on input line 4746.
\XeTeXLinkMargin=\dimen177
(c:/Users/Dell/AppData/Roaming/TinyTeX/texmf-dist/tex/generic/bitset/bitset.sty
Package: bitset 2019/12/09 v1.3 Handle bit-vector datatype (HO)
(c:/Users/Dell/AppData/Roaming/TinyTeX/texmf-dist/tex/generic/bigintcalc/bigintcalc.sty
Package: bigintcalc 2019/12/15 v1.5 Expandable calculations on big integers (HO)
))
\Fld@menulength=\count308
\Field@Width=\dimen178
\Fld@charsize=\dimen179
Package hyperref Info: Hyper figures OFF on input line 6024.
Package hyperref Info: Link nesting OFF on input line 6029.
Package hyperref Info: Hyper index ON on input line 6032.
Package hyperref Info: backreferencing OFF on input line 6039.
Package hyperref Info: Link coloring OFF on input line 6044.
Package hyperref Info: Link coloring with OCG OFF on input line 6049.
Package hyperref Info: PDF/A mode OFF on input line 6054.
(c:/Users/Dell/AppData/Roaming/TinyTeX/texmf-dist/tex/latex/base/atbegshi-ltx.sty
Package: atbegshi-ltx 2021/01/10 v1.0c Emulation of the original atbegshi
package with kernel methods
)
\Hy@abspage=\count309
\c@Item=\count310
\c@Hfootnote=\count311
)
Package hyperref Info: Driver (autodetected): hxetex.
(c:/Users/Dell/AppData/Roaming/TinyTeX/texmf-dist/tex/latex/hyperref/hxetex.def
File: hxetex.def 2022-06-20 v7.00s Hyperref driver for XeTeX
(c:/Users/Dell/AppData/Roaming/TinyTeX/texmf-dist/tex/generic/stringenc/stringenc.sty
Package: stringenc 2019/11/29 v1.12 Convert strings between diff. encodings (HO)
)
\pdfm@box=\box63
\c@Hy@AnnotLevel=\count312
\HyField@AnnotCount=\count313
\Fld@listcount=\count314
\c@bookmark@seq@number=\count315
(c:/Users/Dell/AppData/Roaming/TinyTeX/texmf-dist/tex/latex/rerunfilecheck/rerunfilecheck.sty
Package: rerunfilecheck 2019/12/05 v1.9 Rerun checks for auxiliary files (HO)
(c:/Users/Dell/AppData/Roaming/TinyTeX/texmf-dist/tex/latex/base/atveryend-ltx.sty
Package: atveryend-ltx 2020/08/19 v1.0a Emulation of the original atveryend package
with kernel methods
) (c:/Users/Dell/AppData/Roaming/TinyTeX/texmf-dist/tex/generic/uniquecounter/uniquecounter.sty
Package: uniquecounter 2019/12/15 v1.4 Provide unlimited unique counter (HO)
)
Package uniquecounter Info: New unique counter `rerunfilecheck' on input line 286.
)
\Hy@SectionHShift=\skip67
) (./Data-Analytics-for-Audit-using-R.aux)
\openout1 = `Data-Analytics-for-Audit-using-R.aux'.

LaTeX Font Info:    Checking defaults for OML/cmm/m/it on input line 129.
LaTeX Font Info:    ... okay on input line 129.
LaTeX Font Info:    Checking defaults for OMS/cmsy/m/n on input line 129.
LaTeX Font Info:    ... okay on input line 129.
LaTeX Font Info:    Checking defaults for OT1/cmr/m/n on input line 129.
LaTeX Font Info:    ... okay on input line 129.
LaTeX Font Info:    Checking defaults for T1/cmr/m/n on input line 129.
LaTeX Font Info:    ... okay on input line 129.
LaTeX Font Info:    Checking defaults for TS1/cmr/m/n on input line 129.
LaTeX Font Info:    ... okay on input line 129.
LaTeX Font Info:    Checking defaults for TU/lmr/m/n on input line 129.
LaTeX Font Info:    ... okay on input line 129.
LaTeX Font Info:    Checking defaults for OMX/cmex/m/n on input line 129.
LaTeX Font Info:    ... okay on input line 129.
LaTeX Font Info:    Checking defaults for U/cmr/m/n on input line 129.
LaTeX Font Info:    ... okay on input line 129.
LaTeX Font Info:    Checking defaults for PD1/pdf/m/n on input line 129.
LaTeX Font Info:    ... okay on input line 129.
LaTeX Font Info:    Checking defaults for PU/pdf/m/n on input line 129.
LaTeX Font Info:    ... okay on input line 129.
LaTeX Font Info:    Overwriting math alphabet `\mathrm' in version `normal'
(Font)                  OT1/lmr/m/n --> TU/lmr/m/n on input line 129.
LaTeX Font Info:    Overwriting math alphabet `\mathit' in version `normal'
(Font)                  OT1/lmr/m/it --> TU/lmr/m/it on input line 129.
LaTeX Font Info:    Overwriting math alphabet `\mathbf' in version `normal'
(Font)                  OT1/lmr/bx/n --> TU/lmr/bx/n on input line 129.
LaTeX Font Info:    Overwriting math alphabet `\mathsf' in version `normal'
(Font)                  OT1/lmss/m/n --> TU/lmss/m/n on input line 129.
LaTeX Font Info:    Overwriting math alphabet `\mathsf' in version `bold'
(Font)                  OT1/lmss/bx/n --> TU/lmss/bx/n on input line 129.
LaTeX Font Info:    Overwriting math alphabet `\mathtt' in version `normal'
(Font)                  OT1/lmtt/m/n --> TU/lmtt/m/n on input line 129.
LaTeX Font Info:    Overwriting math alphabet `\mathtt' in version `bold'
(Font)                  OT1/lmtt/m/n --> TU/lmtt/bx/n on input line 129.

Package fontspec Info: latinmodern-math scale = 0.9999964596882403.


Package fontspec Info: latinmodern-math scale = 0.9999964596882403.


Package fontspec Info: latinmodern-math scale = 0.9999964596882403.


Package fontspec Info: Font family 'latinmodern-math.otf(0)' created for font
(fontspec)             'latinmodern-math.otf' with options
(fontspec)             [Scale=MatchLowercase,BoldItalicFont={},ItalicFont={},SmallCapsFont={},Script=Math,BoldFont={latinmodern-math.otf}].
(fontspec)              
(fontspec)              This font family consists of the following NFSS
(fontspec)             series/shapes:
(fontspec)              
(fontspec)             - 'normal' (m/n) with NFSS spec.:
(fontspec)             <->s*[0.9999964596882403]"[latinmodern-math.otf]/OT:script=math;language=dflt;"
(fontspec)             - 'small caps'  (m/sc) with NFSS spec.: 
(fontspec)             - 'bold' (b/n) with NFSS spec.:
(fontspec)             <->s*[0.9999964596882403]"[latinmodern-math.otf]/OT:script=math;language=dflt;"
(fontspec)             - 'bold small caps'  (b/sc) with NFSS spec.: 

LaTeX Font Info:    Font shape `TU/latinmodern-math.otf(0)/m/n' will be
(Font)              scaled to size 10.0pt on input line 129.

Package fontspec Info: latinmodern-math scale = 0.9999964596882403.


Package fontspec Info: latinmodern-math scale = 0.9999964596882403.


Package fontspec Info: latinmodern-math scale = 0.9999964596882403.


Package fontspec Info: latinmodern-math scale = 0.9999964596882403.


Package fontspec Info: latinmodern-math scale = 0.9999964596882403.


Package fontspec Info: Font family 'latinmodern-math.otf(1)' created for font
(fontspec)             'latinmodern-math.otf' with options
(fontspec)             [Scale=MatchLowercase,BoldItalicFont={},ItalicFont={},SmallCapsFont={},Script=Math,SizeFeatures={{Size=8.5-},{Size=6-8.5,Font=latinmodern-math.otf,Style=MathScript},{Size=-6,Font=latinmodern-math.otf,Style=MathScriptScript}},BoldFont={latinmodern-math.otf}].
(fontspec)              
(fontspec)              This font family consists of the following NFSS
(fontspec)             series/shapes:
(fontspec)              
(fontspec)             - 'normal' (m/n) with NFSS spec.:
(fontspec)             <8.5->s*[0.9999964596882403]"[latinmodern-math.otf]/OT:script=math;language=dflt;"<6-8.5>s*[0.9999964596882403]"[latinmodern-math.otf]/OT:script=math;language=dflt;+ssty=0;"<-6>s*[0.9999964596882403]"[latinmodern-math.otf]/OT:script=math;language=dflt;+ssty=1;"
(fontspec)             - 'small caps'  (m/sc) with NFSS spec.: 
(fontspec)             - 'bold' (b/n) with NFSS spec.:
(fontspec)             <->s*[0.9999964596882403]"[latinmodern-math.otf]/OT:script=math;language=dflt;"
(fontspec)             - 'bold small caps'  (b/sc) with NFSS spec.: 

LaTeX Font Info:    Font shape `TU/latinmodern-math.otf(1)/m/n' will be
(Font)              scaled to size 10.0pt on input line 129.
LaTeX Font Info:    Encoding `OT1' has changed to `TU' for symbol font
(Font)              `operators' in the math version `normal' on input line 129.
LaTeX Font Info:    Overwriting symbol font `operators' in version `normal'
(Font)                  OT1/lmr/m/n --> TU/latinmodern-math.otf(1)/m/n on input line 129.
LaTeX Font Info:    Encoding `OT1' has changed to `TU' for symbol font
(Font)              `operators' in the math version `bold' on input line 129.
LaTeX Font Info:    Overwriting symbol font `operators' in version `bold'
(Font)                  OT1/lmr/bx/n --> TU/latinmodern-math.otf(1)/b/n on input line 129.

Package fontspec Info: latinmodern-math scale = 0.9999964596882403.


Package fontspec Info: latinmodern-math scale = 1.000096459334209.


Package fontspec Info: latinmodern-math scale = 0.9999964596882403.


Package fontspec Info: latinmodern-math scale = 1.000096459334209.


Package fontspec Info: latinmodern-math scale = 0.9999964596882403.


Package fontspec Info: latinmodern-math scale = 1.000096459334209.


Package fontspec Info: latinmodern-math scale = 0.9999964596882403.


Package fontspec Info: latinmodern-math scale = 1.000096459334209.


Package fontspec Info: latinmodern-math scale = 0.9999964596882403.


Package fontspec Info: latinmodern-math scale = 1.000096459334209.


Package fontspec Info: Font family 'latinmodern-math.otf(2)' created for font
(fontspec)             'latinmodern-math.otf' with options
(fontspec)             [Scale=MatchLowercase,BoldItalicFont={},ItalicFont={},SmallCapsFont={},Script=Math,SizeFeatures={{Size=8.5-},{Size=6-8.5,Font=latinmodern-math.otf,Style=MathScript},{Size=-6,Font=latinmodern-math.otf,Style=MathScriptScript}},BoldFont={latinmodern-math.otf},ScaleAgain=1.0001,FontAdjustment={\fontdimen
(fontspec)             8\font =6.77pt\relax \fontdimen 9\font =3.94pt\relax
(fontspec)             \fontdimen 10\font =4.44pt\relax \fontdimen 11\font
(fontspec)             =6.86pt\relax \fontdimen 12\font =3.45pt\relax
(fontspec)             \fontdimen 13\font =3.63pt\relax \fontdimen 14\font
(fontspec)             =3.63pt\relax \fontdimen 15\font =2.89pt\relax
(fontspec)             \fontdimen 16\font =2.47pt\relax \fontdimen 17\font
(fontspec)             =2.47pt\relax \fontdimen 18\font =2.5pt\relax
(fontspec)             \fontdimen 19\font =2.0pt\relax \fontdimen 22\font
(fontspec)             =2.5pt\relax \fontdimen 20\font =0pt\relax \fontdimen
(fontspec)             21\font =0pt\relax }].
(fontspec)              
(fontspec)              This font family consists of the following NFSS
(fontspec)             series/shapes:
(fontspec)              
(fontspec)             - 'normal' (m/n) with NFSS spec.:
(fontspec)             <8.5->s*[1.000096459334209]"[latinmodern-math.otf]/OT:script=math;language=dflt;"<6-8.5>s*[1.000096459334209]"[latinmodern-math.otf]/OT:script=math;language=dflt;+ssty=0;"<-6>s*[1.000096459334209]"[latinmodern-math.otf]/OT:script=math;language=dflt;+ssty=1;"
(fontspec)             - 'small caps'  (m/sc) with NFSS spec.: 
(fontspec)             and font adjustment code:
(fontspec)             \fontdimen 8\font =6.77pt\relax \fontdimen 9\font
(fontspec)             =3.94pt\relax \fontdimen 10\font =4.44pt\relax
(fontspec)             \fontdimen 11\font =6.86pt\relax \fontdimen 12\font
(fontspec)             =3.45pt\relax \fontdimen 13\font =3.63pt\relax
(fontspec)             \fontdimen 14\font =3.63pt\relax \fontdimen 15\font
(fontspec)             =2.89pt\relax \fontdimen 16\font =2.47pt\relax
(fontspec)             \fontdimen 17\font =2.47pt\relax \fontdimen 18\font
(fontspec)             =2.5pt\relax \fontdimen 19\font =2.0pt\relax \fontdimen
(fontspec)             22\font =2.5pt\relax \fontdimen 20\font =0pt\relax
(fontspec)             \fontdimen 21\font =0pt\relax 
(fontspec)             - 'bold' (b/n) with NFSS spec.:
(fontspec)             <->s*[1.000096459334209]"[latinmodern-math.otf]/OT:script=math;language=dflt;"
(fontspec)             - 'bold small caps'  (b/sc) with NFSS spec.: 
(fontspec)             and font adjustment code:
(fontspec)             \fontdimen 8\font =6.77pt\relax \fontdimen 9\font
(fontspec)             =3.94pt\relax \fontdimen 10\font =4.44pt\relax
(fontspec)             \fontdimen 11\font =6.86pt\relax \fontdimen 12\font
(fontspec)             =3.45pt\relax \fontdimen 13\font =3.63pt\relax
(fontspec)             \fontdimen 14\font =3.63pt\relax \fontdimen 15\font
(fontspec)             =2.89pt\relax \fontdimen 16\font =2.47pt\relax
(fontspec)             \fontdimen 17\font =2.47pt\relax \fontdimen 18\font
(fontspec)             =2.5pt\relax \fontdimen 19\font =2.0pt\relax \fontdimen
(fontspec)             22\font =2.5pt\relax \fontdimen 20\font =0pt\relax
(fontspec)             \fontdimen 21\font =0pt\relax 

LaTeX Font Info:    Encoding `OMS' has changed to `TU' for symbol font
(Font)              `symbols' in the math version `normal' on input line 129.
LaTeX Font Info:    Overwriting symbol font `symbols' in version `normal'
(Font)                  OMS/lmsy/m/n --> TU/latinmodern-math.otf(2)/m/n on input line 129.
LaTeX Font Info:    Encoding `OMS' has changed to `TU' for symbol font
(Font)              `symbols' in the math version `bold' on input line 129.
LaTeX Font Info:    Overwriting symbol font `symbols' in version `bold'
(Font)                  OMS/lmsy/b/n --> TU/latinmodern-math.otf(2)/b/n on input line 129.

Package fontspec Info: latinmodern-math scale = 0.9999964596882403.


Package fontspec Info: latinmodern-math scale = 0.9998964600422715.


Package fontspec Info: latinmodern-math scale = 0.9999964596882403.


Package fontspec Info: latinmodern-math scale = 0.9998964600422715.


Package fontspec Info: latinmodern-math scale = 0.9999964596882403.


Package fontspec Info: latinmodern-math scale = 0.9998964600422715.


Package fontspec Info: latinmodern-math scale = 0.9999964596882403.


Package fontspec Info: latinmodern-math scale = 0.9998964600422715.


Package fontspec Info: latinmodern-math scale = 0.9999964596882403.


Package fontspec Info: latinmodern-math scale = 0.9998964600422715.


Package fontspec Info: Font family 'latinmodern-math.otf(3)' created for font
(fontspec)             'latinmodern-math.otf' with options
(fontspec)             [Scale=MatchLowercase,BoldItalicFont={},ItalicFont={},SmallCapsFont={},Script=Math,SizeFeatures={{Size=8.5-},{Size=6-8.5,Font=latinmodern-math.otf,Style=MathScript},{Size=-6,Font=latinmodern-math.otf,Style=MathScriptScript}},BoldFont={latinmodern-math.otf},ScaleAgain=0.9999,FontAdjustment={\fontdimen
(fontspec)             8\font =0.4pt\relax \fontdimen 9\font =2.0pt\relax
(fontspec)             \fontdimen 10\font =1.67pt\relax \fontdimen 11\font
(fontspec)             =1.11pt\relax \fontdimen 12\font =6.0pt\relax
(fontspec)             \fontdimen 13\font =0pt\relax }].
(fontspec)              
(fontspec)              This font family consists of the following NFSS
(fontspec)             series/shapes:
(fontspec)              
(fontspec)             - 'normal' (m/n) with NFSS spec.:
(fontspec)             <8.5->s*[0.9998964600422715]"[latinmodern-math.otf]/OT:script=math;language=dflt;"<6-8.5>s*[0.9998964600422715]"[latinmodern-math.otf]/OT:script=math;language=dflt;+ssty=0;"<-6>s*[0.9998964600422715]"[latinmodern-math.otf]/OT:script=math;language=dflt;+ssty=1;"
(fontspec)             - 'small caps'  (m/sc) with NFSS spec.: 
(fontspec)             and font adjustment code:
(fontspec)             \fontdimen 8\font =0.4pt\relax \fontdimen 9\font
(fontspec)             =2.0pt\relax \fontdimen 10\font =1.67pt\relax
(fontspec)             \fontdimen 11\font =1.11pt\relax \fontdimen 12\font
(fontspec)             =6.0pt\relax \fontdimen 13\font =0pt\relax 
(fontspec)             - 'bold' (b/n) with NFSS spec.:
(fontspec)             <->s*[0.9998964600422715]"[latinmodern-math.otf]/OT:script=math;language=dflt;"
(fontspec)             - 'bold small caps'  (b/sc) with NFSS spec.: 
(fontspec)             and font adjustment code:
(fontspec)             \fontdimen 8\font =0.4pt\relax \fontdimen 9\font
(fontspec)             =2.0pt\relax \fontdimen 10\font =1.67pt\relax
(fontspec)             \fontdimen 11\font =1.11pt\relax \fontdimen 12\font
(fontspec)             =6.0pt\relax \fontdimen 13\font =0pt\relax 

LaTeX Font Info:    Encoding `OMX' has changed to `TU' for symbol font
(Font)              `largesymbols' in the math version `normal' on input line 129.
LaTeX Font Info:    Overwriting symbol font `largesymbols' in version `normal'
(Font)                  OMX/lmex/m/n --> TU/latinmodern-math.otf(3)/m/n on input line 129.
LaTeX Font Info:    Encoding `OMX' has changed to `TU' for symbol font
(Font)              `largesymbols' in the math version `bold' on input line 129.
LaTeX Font Info:    Overwriting symbol font `largesymbols' in version `bold'
(Font)                  OMX/lmex/m/n --> TU/latinmodern-math.otf(3)/b/n on input line 129.
Package hyperref Info: Link coloring OFF on input line 129.
(./Data-Analytics-for-Audit-using-R.out) (./Data-Analytics-for-Audit-using-R.out)
\@outlinefile=\write4
\openout4 = `Data-Analytics-for-Audit-using-R.out'.

LaTeX Font Info:    Font shape `TU/latinmodern-math.otf(1)/m/n' will be
(Font)              scaled to size 12.0pt on input line 131.
LaTeX Font Info:    Font shape `TU/latinmodern-math.otf(1)/m/n' will be
(Font)              scaled to size 8.0pt on input line 131.
LaTeX Font Info:    Font shape `TU/latinmodern-math.otf(1)/m/n' will be
(Font)              scaled to size 6.0pt on input line 131.
LaTeX Font Info:    Trying to load font information for OML+lmm on input line 131.
(c:/Users/Dell/AppData/Roaming/TinyTeX/texmf-dist/tex/latex/lm/omllmm.fd
File: omllmm.fd 2015/05/01 v1.6.1 Font defs for Latin Modern
)
LaTeX Font Info:    Font shape `TU/latinmodern-math.otf(2)/m/n' will be
(Font)              scaled to size 12.0011pt on input line 131.
LaTeX Font Info:    Font shape `TU/latinmodern-math.otf(2)/m/n' will be
(Font)              scaled to size 8.00073pt on input line 131.
LaTeX Font Info:    Font shape `TU/latinmodern-math.otf(2)/m/n' will be
(Font)              scaled to size 6.00055pt on input line 131.
LaTeX Font Info:    Font shape `TU/latinmodern-math.otf(3)/m/n' will be
(Font)              scaled to size 11.99872pt on input line 131.
LaTeX Font Info:    Font shape `TU/latinmodern-math.otf(3)/m/n' will be
(Font)              scaled to size 7.99915pt on input line 131.
LaTeX Font Info:    Font shape `TU/latinmodern-math.otf(3)/m/n' will be
(Font)              scaled to size 5.99936pt on input line 131.
LaTeX Font Info:    Trying to load font information for U+msa on input line 131.
(c:/Users/Dell/AppData/Roaming/TinyTeX/texmf-dist/tex/latex/amsfonts/umsa.fd
File: umsa.fd 2013/01/14 v3.01 AMS symbols A
)
LaTeX Font Info:    Trying to load font information for U+msb on input line 131.
(c:/Users/Dell/AppData/Roaming/TinyTeX/texmf-dist/tex/latex/amsfonts/umsb.fd
File: umsb.fd 2013/01/14 v3.01 AMS symbols B
) [1


] [2

] (./Data-Analytics-for-Audit-using-R.toc
LaTeX Font Info:    Font shape `TU/latinmodern-math.otf(1)/m/n' will be
(Font)              scaled to size 7.0pt on input line 2.
LaTeX Font Info:    Font shape `TU/latinmodern-math.otf(1)/m/n' will be
(Font)              scaled to size 5.0pt on input line 2.
LaTeX Font Info:    Font shape `TU/latinmodern-math.otf(2)/m/n' will be
(Font)              scaled to size 10.00092pt on input line 2.
LaTeX Font Info:    Font shape `TU/latinmodern-math.otf(2)/m/n' will be
(Font)              scaled to size 7.00064pt on input line 2.
LaTeX Font Info:    Font shape `TU/latinmodern-math.otf(2)/m/n' will be
(Font)              scaled to size 5.00046pt on input line 2.
LaTeX Font Info:    Font shape `TU/latinmodern-math.otf(3)/m/n' will be
(Font)              scaled to size 9.99893pt on input line 2.
LaTeX Font Info:    Font shape `TU/latinmodern-math.otf(3)/m/n' will be
(Font)              scaled to size 6.99925pt on input line 2.
LaTeX Font Info:    Font shape `TU/latinmodern-math.otf(3)/m/n' will be
(Font)              scaled to size 4.99947pt on input line 2.
[3]
LaTeX Font Info:    Font shape `TU/lmtt/bx/n' in size <10> not available
(Font)              Font shape `TU/lmtt/b/n' tried instead on input line 150.
[4] [5] [6] [7])
\tf@toc=\write5
\openout5 = `Data-Analytics-for-Audit-using-R.toc'.

[8] [9

] [10] [11] [12

] [13] [14

]

Package natbib Warning: Citation `10.2307/1390807' on page 1 undefined on input line 238.

File: images/history.png Graphic file (type bmp)
<images/history.png>
File: images/whyR.png Graphic file (type bmp)
<images/whyR.png>
[1

] [2]
File: images/CRAN.png Graphic file (type bmp)
<images/CRAN.png>
File: images/workspace.png Graphic file (type bmp)
<images/workspace.png>
File: images/first_code.png Graphic file (type bmp)
<images/first_code.png>
File: images/indent.png Graphic file (type bmp)
<images/indent.png>

Underfull \hbox (badness 1062) in paragraph at lines 308--310
[]\TU/lmr/m/n/10 R is case sensitive. This will have to be remebered while writ-
 []

[3] [4] [5]
File: images/rstudio.png Graphic file (type bmp)
<images/rstudio.png>
File: images/new_script.png Graphic file (type bmp)
<images/new_script.png>
[6]
LaTeX Font Info:    Font shape `TU/lmtt/bx/n' in size <12> not available
(Font)              Font shape `TU/lmtt/b/n' tried instead on input line 451.

Underfull \hbox (badness 1584) in paragraph at lines 459--461
[]\TU/lmr/m/n/10 To call a function say \TU/lmtt/m/n/10 filter \TU/lmr/m/n/10 from package \TU/lmtt/m/n/10 dplyr \TU/lmr/m/n/10 we may use
 []


Underfull \hbox (badness 10000) in paragraph at lines 459--461

 []

[7]
Underfull \hbox (badness 1077) in paragraph at lines 484--485
[]\TU/lmr/m/n/10 Though \TU/lmtt/m/n/10 tidyverse \TU/lmr/m/n/10 is a collection 20+ packages (in fact 80+ packages
 []

[8] [9] [10

] [11] [12

]
Chapter 1.
[13] [14]
File: images/datatypes.png Graphic file (type bmp)
<images/datatypes.png>
[15] [16] [17] [18] [19]
File: images/homgeneous.jpg Graphic file (type bmp)
<images/homgeneous.jpg>
File: images/hetero.jpg Graphic file (type bmp)
<images/hetero.jpg>
File: images/vec_buck.jpg Graphic file (type bmp)
<images/vec_buck.jpg>
[20]
File: images/example_vecs.png Graphic file (type bmp)
<images/example_vecs.png>
[21]
File: images/vector_concatenation.png Graphic file (type bmp)
<images/vector_concatenation.png>

Overfull \hbox (73.01292pt too wide) in paragraph at lines 1061--1062
 [][] 
 []

[22] [23] [24]
Underfull \hbox (badness 2359) in paragraph at lines 1228--1228
[][]\TU/lmr/bx/n/10 Generate gregorian calendar month names with \TU/lmtt/b/n/10 month.name \TU/lmr/bx/n/10 /
 []

[25]
File: images/named_vector.png Graphic file (type bmp)
<images/named_vector.png>
[26] [27] [28]
File: images/implicit_coercion.png Graphic file (type bmp)
<images/implicit_coercion.png>
[29] [30] [31]
File: images/byrow.png Graphic file (type bmp)
<images/byrow.png>
[32] [33]
File: images/cbind_vs_rbind.png Graphic file (type bmp)
<images/cbind_vs_rbind.png>
[34] [35] [36]
File: images/list_ex.png Graphic file (type bmp)
<images/list_ex.png>
[37]
File: images/list_ex2.png Graphic file (type bmp)
<images/list_ex2.png>
[38]
File: images/named_list.png Graphic file (type bmp)
<images/named_list.png>
[39]
File: images/dataframe.png Graphic file (type bmp)
<images/dataframe.png>
File: images/list_vs_df.png Graphic file (type bmp)
<images/list_vs_df.png>
[40] [41]
File: images/Objects.png Graphic file (type bmp)
<images/Objects.png>
[42] [43] [44] [45] [46] [47] [48

]
Chapter 2.
File: images/subset_vec.png Graphic file (type bmp)
<images/subset_vec.png>
[49] [50] [51] [52] [53] [54] [55] [56] [57] [58] [59] [60] [61] [62]
Chapter 3.
File: images/function.png Graphic file (type bmp)
<images/function.png>
[63

] [64] [65] [66] [67] [68] [69] [70]
Overfull \hbox (8.43146pt too wide) in paragraph at lines 3743--3743
 []|\TU/lmtt/m/n/10 factorial()| 
 []

[71] [72]
Overfull \hbox (3.18146pt too wide) in paragraph at lines 3885--3885
 []|\TU/lmtt/m/n/10 quantile()| 
 []

[73] [74]
Overfull \hbox (54.00342pt too wide) has occurred while \output is active
\TU/lmr/m/sl/10 3.4.  FUNCTIONS RELATED TO SAMPLING AND PROBABILITY DISTRIBUTIONS \TU/lmr/m/n/10 75
 []

[75] [76] [77]
Overfull \hbox (195.75pt too wide) in paragraph at lines 4176--4176
[]\TU/lmtt/m/n/10 ## [1] "a1+b2+c3+d4+e5+f6+g7+h8+i9+j10+k11+l12+m13+n14+o15+p16+q17+r18+s19+t20+u21+v22+w23+x24+y25+z26"[] 
 []

[78] [79] [80] [81] [82]
Underfull \hbox (badness 1655) in paragraph at lines 4541--4542
[]\TU/lmr/m/n/10 Note Similar to \TU/lmtt/m/n/10 colSums()\TU/lmr/m/n/10 / \TU/lmtt/m/n/10 rowSums() \TU/lmr/m/n/10 we also have \TU/lmtt/m/n/10 colMeans() \TU/lmr/m/n/10 and
 []

[83] [84] [85]
Overfull \hbox (117.0pt too wide) in paragraph at lines 4767--4767
[]\TU/lmtt/m/n/10 ## January February March April May June July August September October November December[] 
 []

[86]
Missing character: There is no ₹ (U+20B9) in font [lmmono10-regular]:!

Overfull \hbox (13.292pt too wide) in paragraph at lines 4827--4828
[]\TU/lmr/m/n/10 Thus, \TU/lmtt/m/n/10 sort(vec) \TU/lmr/m/n/10 will essentially perform the same operations as \TU/lmtt/m/n/10 vec[order(vec)]\TU/lmr/m/n/10 .
 []

[87]
Overfull \hbox (1.5pt too wide) in paragraph at lines 4870--4870
[]\TU/lmtt/m/n/10 ##  $ Sepal.Width : num  3.5 3 3.2 3.1 3.6 3.9 3.4 3.4 2.9 3.1 ...[] 
 []


Overfull \hbox (12.0pt too wide) in paragraph at lines 4870--4870
[]\TU/lmtt/m/n/10 ##  $ Petal.Length: num  1.4 1.4 1.3 1.5 1.4 1.7 1.4 1.5 1.4 1.5 ...[] 
 []


Overfull \hbox (12.0pt too wide) in paragraph at lines 4870--4870
[]\TU/lmtt/m/n/10 ##  $ Petal.Width : num  0.2 0.2 0.2 0.2 0.2 0.4 0.3 0.2 0.2 0.1 ...[] 
 []


Overfull \hbox (117.0pt too wide) in paragraph at lines 4870--4870
[]\TU/lmtt/m/n/10 ##  $ Species     : Factor w/ 3 levels "setosa","versicolor",..: 1 1 1 1 1 1 1 1 1 1 ...[] 
 []

[88]
Chapter 4.
[89

] [90]
File: images/for_loop.png Graphic file (type bmp)
<images/for_loop.png>
[91] [92] [93]
File: images/while_loop.png Graphic file (type bmp)
<images/while_loop.png>

LaTeX Font Warning: Font shape `TU/lmtt/bx/it' in size <10> not available
(Font)              Font shape `TU/lmtt/b/sl' tried instead on input line 5195.

[94] [95] [96] [97] [98]
File: images/pipe.png Graphic file (type bmp)
<images/pipe.png>

Underfull \hbox (badness 1365) in paragraph at lines 5540--5541
\TU/lmr/m/n/10 Pipes usually pass result of previous operation silently into first argu-
 []

[99] [100] [101] [102

]
Chapter 5.

Underfull \vbox (badness 1406) has occurred while \output is active []

[103]
LaTeX Font Info:    Font shape `TU/lmtt/bx/n' in size <14.4> not available
(Font)              Font shape `TU/lmtt/b/n' tried instead on input line 5668.
[104]
File: images/apply.png Graphic file (type bmp)
<images/apply.png>
[105] [106] [107] [108] [109] [110] [111] [112] [113] [114] [115] [116]
Underfull \hbox (badness 4403) in paragraph at lines 6451--6451
[]\TU/lmr/bx/n/12 Iterate over two or more lists/vectors using
 []

File: images/map1.png Graphic file (type bmp)
<images/map1.png>
File: images/map2.png Graphic file (type bmp)
<images/map2.png>

Underfull \hbox (badness 10000) in paragraph at lines 6461--6461
[]\TU/lmr/m/n/10 Figure 5.2: []Working of map vs map2 family of functions
 []

[117]
File: images/pmap.png Graphic file (type bmp)
<images/pmap.png>
File: images/pmap-arg.png Graphic file (type bmp)
<images/pmap-arg.png>

Underfull \hbox (badness 10000) in paragraph at lines 6495--6495
[]\TU/lmr/m/n/10 Figure 5.3: []Working of pmap family of functions
 []

[118] [119] [120

]
Chapter 6.
LaTeX Font Info:    Font shape `TU/lmtt/bx/n' in size <24.88> not available
(Font)              Font shape `TU/lmtt/b/n' tried instead on input line 6499.

Package natbib Warning: Citation `layered-grammar' on page 121 undefined on input line 6506.

File: images/layers_gg.png Graphic file (type bmp)
<images/layers_gg.png>
[121] [122] [123]
File: Data-Analytics-for-Audit-using-R_files/figure-latex/fig_blank-1.pdf Graphic file (type pdf)
<use Data-Analytics-for-Audit-using-R_files/figure-latex/fig_blank-1.pdf>
File: Data-Analytics-for-Audit-using-R_files/figure-latex/fig_gg_2-1.pdf Graphic file (type pdf)
<use Data-Analytics-for-Audit-using-R_files/figure-latex/fig_gg_2-1.pdf>
File: Data-Analytics-for-Audit-using-R_files/figure-latex/fig_3-1.pdf Graphic file (type pdf)
<use Data-Analytics-for-Audit-using-R_files/figure-latex/fig_3-1.pdf>

Underfull \vbox (badness 4595) has occurred while \output is active []

[124]
File: Data-Analytics-for-Audit-using-R_files/figure-latex/fig_4-1.pdf Graphic file (type pdf)
<use Data-Analytics-for-Audit-using-R_files/figure-latex/fig_4-1.pdf>
[125]
File: Data-Analytics-for-Audit-using-R_files/figure-latex/fig_5-1.pdf Graphic file (type pdf)
<use Data-Analytics-for-Audit-using-R_files/figure-latex/fig_5-1.pdf>
File: Data-Analytics-for-Audit-using-R_files/figure-latex/fig_6-1.pdf Graphic file (type pdf)
<use Data-Analytics-for-Audit-using-R_files/figure-latex/fig_6-1.pdf>
[126]
File: Data-Analytics-for-Audit-using-R_files/figure-latex/fig_7-1.pdf Graphic file (type pdf)
<use Data-Analytics-for-Audit-using-R_files/figure-latex/fig_7-1.pdf>
File: Data-Analytics-for-Audit-using-R_files/figure-latex/fig_8-1.pdf Graphic file (type pdf)
<use Data-Analytics-for-Audit-using-R_files/figure-latex/fig_8-1.pdf>

Underfull \vbox (badness 3168) has occurred while \output is active []

[127]
File: Data-Analytics-for-Audit-using-R_files/figure-latex/fig_9-1.pdf Graphic file (type pdf)
<use Data-Analytics-for-Audit-using-R_files/figure-latex/fig_9-1.pdf>
[128]
File: Data-Analytics-for-Audit-using-R_files/figure-latex/fig_10-1.pdf Graphic file (type pdf)
<use Data-Analytics-for-Audit-using-R_files/figure-latex/fig_10-1.pdf>
[129] [130]
File: Data-Analytics-for-Audit-using-R_files/figure-latex/unnamed-chunk-205-1.pdf Graphic file (type pdf)
<use Data-Analytics-for-Audit-using-R_files/figure-latex/unnamed-chunk-205-1.pdf>
File: Data-Analytics-for-Audit-using-R_files/figure-latex/unnamed-chunk-206-1.pdf Graphic file (type pdf)
<use Data-Analytics-for-Audit-using-R_files/figure-latex/unnamed-chunk-206-1.pdf>

Underfull \vbox (badness 10000) has occurred while \output is active []

[131]
Underfull \vbox (badness 2158) has occurred while \output is active []

[132]
File: Data-Analytics-for-Audit-using-R_files/figure-latex/unnamed-chunk-207-1.pdf Graphic file (type pdf)
<use Data-Analytics-for-Audit-using-R_files/figure-latex/unnamed-chunk-207-1.pdf>
[133]
File: Data-Analytics-for-Audit-using-R_files/figure-latex/unnamed-chunk-208-1.pdf Graphic file (type pdf)
<use Data-Analytics-for-Audit-using-R_files/figure-latex/unnamed-chunk-208-1.pdf>
File: Data-Analytics-for-Audit-using-R_files/figure-latex/unnamed-chunk-209-1.pdf Graphic file (type pdf)
<use Data-Analytics-for-Audit-using-R_files/figure-latex/unnamed-chunk-209-1.pdf>
[134]
File: Data-Analytics-for-Audit-using-R_files/figure-latex/unnamed-chunk-210-1.pdf Graphic file (type pdf)
<use Data-Analytics-for-Audit-using-R_files/figure-latex/unnamed-chunk-210-1.pdf>

Underfull \vbox (badness 10000) has occurred while \output is active []

[135]
File: Data-Analytics-for-Audit-using-R_files/figure-latex/unnamed-chunk-211-1.pdf Graphic file (type pdf)
<use Data-Analytics-for-Audit-using-R_files/figure-latex/unnamed-chunk-211-1.pdf>

Underfull \vbox (badness 10000) has occurred while \output is active []

[136]
Underfull \hbox (badness 10000) in paragraph at lines 6935--6937
[]\TU/lmtt/m/n/10 theme(axis.title = element_text(size = 16), plot.title =
 []

[137]
File: Data-Analytics-for-Audit-using-R_files/figure-latex/unnamed-chunk-212-1.pdf Graphic file (type pdf)
<use Data-Analytics-for-Audit-using-R_files/figure-latex/unnamed-chunk-212-1.pdf>
File: images/export.png Graphic file (type bmp)
<images/export.png>

Overfull \hbox (25.43192pt too wide) in paragraph at lines 6974--6976
[][]
 []

[138] [139]
File: Data-Analytics-for-Audit-using-R_files/figure-latex/unnamed-chunk-214-1.pdf Graphic file (type pdf)
<use Data-Analytics-for-Audit-using-R_files/figure-latex/unnamed-chunk-214-1.pdf>
[140]
Overfull \hbox (59.25pt too wide) in paragraph at lines 7074--7074
[]\TU/lmtt/m/n/10 png(filename = "scatter.png", width = 5, height = 3, units = "in", res = 300)[] 
 []

[141]
File: shapes.png Graphic file (type bmp)
<shapes.png>
[142] [143

] [144

]
Chapter 7.
[145]
Overfull \hbox (69.75pt too wide) in paragraph at lines 7177--7177
[]\TU/lmtt/m/n/10 wh2021 <- read.csv("https://query.data.world/s/qbsbmxlfj54sl4mq3y6uxsr3pkhhmo")[] 
 []


Underfull \hbox (badness 2903) in paragraph at lines 7182--7183
[]\TU/lmr/bx/n/10 Tip: Use \TU/lmtt/b/n/10 "clipboard" \TU/lmr/bx/n/10 in file argument for pasting
 []


Underfull \hbox (badness 2781) in paragraph at lines 7182--7183
\TU/lmr/bx/n/10 copied data into R. E.g. Copy a few rows and
 []


Underfull \hbox (badness 2042) in paragraph at lines 7182--7183
\TU/lmr/bx/n/10 cells from excel spreadsheet and run this command
 []

[146]
File: images/scan.png Graphic file (type bmp)
<images/scan.png>
File: images/readline.png Graphic file (type bmp)
<images/readline.png>
[147]
Underfull \hbox (badness 4254) in paragraph at lines 7243--7243
[][]\TU/lmr/bx/n/12 Writing tabular data through \TU/lmtt/b/n/12 write.table() \TU/lmr/bx/n/12 and/or
 []

[148]
Overfull \hbox (6.75pt too wide) in paragraph at lines 7309--7309
[]\TU/lmtt/m/n/10 ## structure(list(Name = c("Andrew", "Bob", "Charles"), Age = c(25,[] 
 []

[149]
Overfull \hbox (43.5pt too wide) in paragraph at lines 7374--7374
[]\TU/lmtt/m/n/10 ## i Use `spec()` to retrieve the full column specification for this data.[] 
 []


Overfull \hbox (96.0pt too wide) in paragraph at lines 7374--7374
[]\TU/lmtt/m/n/10 ## i Specify the column types or set `show_col_types = FALSE` to quiet this message.[] 
 []

[150] [151]
File: images/reprex.png Graphic file (type bmp)
<images/reprex.png>
[152] [153] [154

]
Chapter 8.
File: images/dplyr.png Graphic file (type bmp)
<images/dplyr.png>
[155]
File: images/select_dplyr.png Graphic file (type bmp)
<images/select_dplyr.png>
[156] [157] [158] [159]
File: images/mutate_dplyr.png Graphic file (type bmp)
<images/mutate_dplyr.png>
[160] [161]
File: images/rename_dplyr.png Graphic file (type bmp)
<images/rename_dplyr.png>
[162] [163]
File: images/filter_dplyr.png Graphic file (type bmp)
<images/filter_dplyr.png>
[164] [165]
Underfull \hbox (badness 3503) in paragraph at lines 8062--8063
[]\TU/lmtt/m/n/10 slice_sample() \TU/lmr/m/n/10 will randomly select the rows. Its syntax is
 []


Underfull \hbox (badness 10000) in paragraph at lines 8062--8063
\TU/lmtt/m/n/10 slice_sample(.data, ..., n, prop, weight_by = NULL, replace
 []

[166]
File: images/arrange_dplyr.png Graphic file (type bmp)
<images/arrange_dplyr.png>
[167]
File: images/groupby_dplyr.png Graphic file (type bmp)
<images/groupby_dplyr.png>
[168] [169] [170] [171] [172] [173] [174] [175] [176

]
Chapter 9.
File: images/conf.jpg Graphic file (type bmp)
<images/conf.jpg>
[177]
File: images/concat_joins.png Graphic file (type bmp)
<images/concat_joins.png>
[178] [179]
Underfull \hbox (badness 1052) in paragraph at lines 8658--8659
\TU/lmr/m/n/10 ues in identifiers. Try this \TU/lmtt/m/n/10 bind_rows(list(setosa=setosa,
 []


Underfull \hbox (badness 10000) in paragraph at lines 8658--8659
\TU/lmtt/m/n/10 versicolor=versicolor, virginica=virginica), .id =
 []

[180]
File: images/mutating_joins.png Graphic file (type bmp)
<images/mutating_joins.png>

Overfull \hbox (80.25pt too wide) in paragraph at lines 8679--8679
[]\TU/lmtt/m/n/10 *_join(x, y, by = NULL, copy = FALSE, suffix = c('.x', '.y'), ... , keep = FALSE)[] 
 []

[181] [182] [183] [184]
Overfull \hbox (132.75pt too wide) in paragraph at lines 8926--8926
[]\TU/lmtt/m/n/10 ## Warning in left_join(., df2, by = "x"): Detected an unexpected many-to-many relationship[] 
 []

[185] [186]
Chapter 10.

Package natbib Warning: Citation `JSSv059i10' on page 187 undefined on input line 9031.


Package natbib Warning: Citation `JSSv021i12' on page 187 undefined on input line 9031.

File: images/tidy-1.png Graphic file (type bmp)
<images/tidy-1.png>
[187

] [188] [189]
Underfull \hbox (badness 2671) in paragraph at lines 9198--9200
[]\TU/lmr/m/n/10 re-organising the observation originally spread into multiple rows
 []

[190]
File: images/pivot_longer.png Graphic file (type bmp)
<images/pivot_longer.png>
[191] [192] [193] [194]
File: images/pivot_wider.png Graphic file (type bmp)
<images/pivot_wider.png>
[195] [196] [197] [198]
Underfull \hbox (badness 2229) in paragraph at lines 9638--9640
[]\TU/lmtt/m/n/10 convert \TU/lmr/m/n/10 if \TU/lmtt/m/n/10 TRUE\TU/lmr/m/n/10 , the component columns are converted to dou-
 []

[199] [200] [201] [202] [203] [204] [205] [206] [207

] [208

]
Chapter 11.
[209] [210]
Overfull \hbox (3.00203pt too wide) in paragraph at lines 10202--10203
\TU/lmr/m/n/10 and/or columns. Sorting out this issue, is easy using \TU/lmtt/m/n/10 janitor::remove_empty()\TU/lmr/m/n/10 . 
 []


Overfull \hbox (28.562pt too wide) in paragraph at lines 10222--10223
\TU/lmr/m/n/10 formats, using \TU/lmtt/m/n/10 janitor::convert_to_date() \TU/lmr/m/n/10 or \TU/lmtt/m/n/10 janitor::convert_to_datetime()\TU/lmr/m/n/10 .
 []

[211] [212]
Chapter 12.
[213

]
File: images/simple.png Graphic file (type bmp)
<images/simple.png>
[214]
File: images/systematic.png Graphic file (type bmp)
<images/systematic.png>
[215]
Overfull \hbox (107.5601pt too wide) in paragraph at lines 10429--10458
[][] 
 []

[216]
File: images/stratified.png Graphic file (type bmp)
<images/stratified.png>

Overfull \hbox (8.485pt too wide) in paragraph at lines 10475--10476
[]\TU/lmr/m/n/10 Example Data: - Let’s include region in \TU/lmtt/m/n/10 state.x77 \TU/lmr/m/n/10 data using \TU/lmtt/m/n/10 dplyr::bind_cols\TU/lmr/m/n/10 . 
 []

[217]
Overfull \hbox (151.55011pt too wide) in paragraph at lines 10488--10505
[][] 
 []


Overfull \hbox (185.25pt too wide) in paragraph at lines 10538--10538
[]  \TU/lmtt/m/n/10 tibble::rownames_to_column('State') %>% # this step will not be used in databases without row names[] 
 []


Overfull \hbox (181.00009pt too wide) in paragraph at lines 10540--10561
[][] 
 []

[218]
Overfull \hbox (17.25pt too wide) in paragraph at lines 10591--10591
[]  \TU/lmtt/m/n/10 mutate(stratum = cut(Population, c(0, 1000, 5000, max(Population)),[] 
 []

[219] [220]
Chapter 13.

Package natbib Warning: Citation `frank_ben' on page 221 undefined on input line 10645.


Package natbib Warning: Citation `newcomb' on page 221 undefined on input line 10645.

File: images/frank_benford.jpg Graphic file (type bmp)
<images/frank_benford.jpg>
File: images/Simon.jpg Graphic file (type bmp)
<images/Simon.jpg>
File: Data-Analytics-for-Audit-using-R_files/figure-latex/unnamed-chunk-315-1.pdf Graphic file (type pdf)
<use Data-Analytics-for-Audit-using-R_files/figure-latex/unnamed-chunk-315-1.pdf>

Package natbib Warning: Citation `pinkham' on page 221 undefined on input line 10673.

[221

] [222]
File: Data-Analytics-for-Audit-using-R_files/figure-latex/census-1.pdf Graphic file (type pdf)
<use Data-Analytics-for-Audit-using-R_files/figure-latex/census-1.pdf>
File: Data-Analytics-for-Audit-using-R_files/figure-latex/scaling-1.pdf Graphic file (type pdf)
<use Data-Analytics-for-Audit-using-R_files/figure-latex/scaling-1.pdf>

Package natbib Warning: Citation `t_hill' on page 223 undefined on input line 10728.

[223] [224]
File: Data-Analytics-for-Audit-using-R_files/figure-latex/ben2-1.pdf Graphic file (type pdf)
<use Data-Analytics-for-Audit-using-R_files/figure-latex/ben2-1.pdf>
[225]

Package natbib Warning: Citation `articlesec' on page 226 undefined on input line 10777.


Package natbib Warning: Citation `nigrinifraud' on page 226 undefined on input line 10792.


Package natbib Warning: Citation `nigrinifraud' on page 226 undefined on input line 10794.


Underfull \hbox (badness 2762) in paragraph at lines 10797--10797
[]\TU/lmr/bx/n/14.4 Examining significance using statistical
 []

[226] [227] [228] [229]
Overfull \hbox (195.75pt too wide) in paragraph at lines 10978--10978
[]\TU/lmtt/m/n/10 ## Remember: Real data will never conform perfectly to Benford's Law. You should not focus on p-values![] 
 []

File: Data-Analytics-for-Audit-using-R_files/figure-latex/benplot-1.pdf Graphic file (type pdf)
<use Data-Analytics-for-Audit-using-R_files/figure-latex/benplot-1.pdf>
[230] [231] [232

]
Chapter 14.
[233] [234]
Overfull \hbox (33.0pt too wide) in paragraph at lines 11113--11113
[]\TU/lmtt/m/n/10 ##   <https://tidyselect.r-lib.org/reference/faq-selection-context.html>[] 
 []

[235]
File: images/network.png Graphic file (type bmp)
<images/network.png>

Overfull \hbox (373.78513pt too wide) in paragraph at lines 11140--11141
 [][] 
 []

[236] [237]

LaTeX Warning: Reference `across' on page 238 undefined on input line 11220.

[238]
File: Data-Analytics-for-Audit-using-R_files/figure-latex/igraph2-1.pdf Graphic file (type pdf)
<use Data-Analytics-for-Audit-using-R_files/figure-latex/igraph2-1.pdf>
[239] [240] [241] [242

]
Chapter 15.
[243] [244]
Chapter 16.
File: images/excel.png Graphic file (type bmp)
<images/excel.png>
[245

]
Overfull \hbox (46.66232pt too wide) has occurred while \output is active
\TU/lmr/m/n/10 246 \TU/lmr/m/sl/10 CHAPTER 16.  MERGING LARGE NUMBER OF SIMILAR DATASETS INTO ONE
 []

[246]
Overfull \hbox (2.26842pt too wide) has occurred while \output is active
\TU/lmr/m/sl/10 16.2.  \TU/lmr/bx/sl/10 CASE-2\TU/lmr/m/sl/10 : MERGING MULTIPLE FILES INTO ONE DATA FRAME \TU/lmr/m/n/10 247
 []

[247]
Overfull \hbox (46.66232pt too wide) has occurred while \output is active
\TU/lmr/m/n/10 248 \TU/lmr/m/sl/10 CHAPTER 16.  MERGING LARGE NUMBER OF SIMILAR DATASETS INTO ONE
 []

[248]
Overfull \hbox (180.0pt too wide) in paragraph at lines 11578--11578
[]\TU/lmtt/m/n/10 ## [1] "C:\\Users\\Dell\\OneDrive - A c GeM CAG of INDIA\\Documents\\R-DA\\Data\\data_by_4_cyl.xlsx"[] 
 []


Overfull \hbox (180.0pt too wide) in paragraph at lines 11578--11578
[]\TU/lmtt/m/n/10 ## [1] "C:\\Users\\Dell\\OneDrive - A c GeM CAG of INDIA\\Documents\\R-DA\\Data\\data_by_6_cyl.xlsx"[] 
 []


Overfull \hbox (180.0pt too wide) in paragraph at lines 11578--11578
[]\TU/lmtt/m/n/10 ## [1] "C:\\Users\\Dell\\OneDrive - A c GeM CAG of INDIA\\Documents\\R-DA\\Data\\data_by_8_cyl.xlsx"[] 
 []


Overfull \hbox (101.30626pt too wide) has occurred while \output is active
\TU/lmr/m/sl/10 16.4.  \TU/lmr/bx/sl/10 CASE-4\TU/lmr/m/sl/10 : SPLITTING ONE DATA INTO MULIPLE FILES HAVING MULTIPLE SHEETS \TU/lmr/m/n/10 249
 []

[249]
Overfull \hbox (46.66232pt too wide) has occurred while \output is active
\TU/lmr/m/n/10 250 \TU/lmr/m/sl/10 CHAPTER 16.  MERGING LARGE NUMBER OF SIMILAR DATASETS INTO ONE
 []

[250

]
Chapter 17.

Underfull \vbox (badness 2478) has occurred while \output is active []

[251] [252]
File: Data-Analytics-for-Audit-using-R_files/figure-latex/wordcloud-1.pdf Graphic file (type pdf)
<use Data-Analytics-for-Audit-using-R_files/figure-latex/wordcloud-1.pdf>
[253] [254]
Chapter 18.
[255

] [256] [257]
Overfull \hbox (101.25pt too wide) in paragraph at lines 11811--11811
[]  \TU/lmtt/m/n/10 method = c("osa", "lv", "dl", "hamming", "lcs", "qgram", "cosine", "jaccard", "jw",[] 
 []

[258] [259] [260]
Appendix A.
[261


]
Underfull \hbox (badness 2237) in paragraph at lines 12019--12020
\TU/lmr/m/n/10 The file name can be changed within the R console using, function
 []


Underfull \hbox (badness 2119) in paragraph at lines 12019--12020
\TU/lmtt/m/n/10 file.rename()\TU/lmr/m/n/10 . Basic syntax is \TU/lmtt/m/n/10 file.rename(from = "old_name", to
 []

[262]
Overfull \hbox (17.25pt too wide) in paragraph at lines 12090--12090
[]\TU/lmtt/m/n/10 ## [1] "C:/Users/Dell/OneDrive - A c GeM CAG of INDIA/Documents/R-DA"[] 
 []

[263] [264]
File: images/Rproj1.png Graphic file (type bmp)
<images/Rproj1.png>
File: images/Rproj2.png Graphic file (type bmp)
<images/Rproj2.png>
[265] [266

]
Appendix B.
[267] [268] [269] [270] [271] [272] [273] [274] [275] [276]
Appendix C.

Overfull \hbox (62.68002pt too wide) in paragraph at lines 12781--12850
[][] 
 []

(./Data-Analytics-for-Audit-using-R.bbl
Underfull \vbox (badness 10000) has occurred while \output is active []

[277

] [278])

Package natbib Warning: There were undefined citations.

[279

] (./Data-Analytics-for-Audit-using-R.aux)

LaTeX Warning: There were undefined references.

Package rerunfilecheck Info: File `Data-Analytics-for-Audit-using-R.out' has not changed.
(rerunfilecheck)             Checksum: 60E985149F61C053852740CE82E3D2DD;26561.
 ) 
Here is how much of TeX's memory you used:
 19299 strings out of 477868
 375374 string characters out of 5845560
 837525 words of memory out of 5000000
 39868 multiletter control sequences out of 15000+600000
 475838 words of font info for 97 fonts, out of 8000000 for 9000
 14 hyphenation exceptions out of 8191
 86i,8n,121p,921b,541s stack positions out of 10000i,1000n,20000p,200000b,200000s

Output written on Data-Analytics-for-Audit-using-R.pdf (293 pages).
